<?xml version="1.0" encoding="UTF-8"?>
<testng-results skipped="0" failed="0" total="1" passed="1">
  <reporter-output>
  </reporter-output>
  <suite name="Default suite" duration-ms="28511" started-at="2017-03-20T09:48:42Z" finished-at="2017-03-20T09:49:10Z">
    <groups>
    </groups>
    <test name="Default test" duration-ms="28511" started-at="2017-03-20T09:48:42Z" finished-at="2017-03-20T09:49:10Z">
      <class name="com.driveu.zzdriveuautomation.AutomationTest">
        <test-method status="PASS" signature="initailizePropertiesFile()[pri:0, instance:com.driveu.zzdriveuautomation.AutomationTest@8bd1b6a]" name="initailizePropertiesFile" is-config="true" duration-ms="67" started-at="2017-03-20T15:18:42Z" finished-at="2017-03-20T15:18:42Z">
          <reporter-output>
          </reporter-output>
        </test-method> <!-- initailizePropertiesFile -->
        <test-method status="PASS" signature="hulkTest(java.lang.String, java.lang.String)[pri:0, instance:com.driveu.zzdriveuautomation.AutomationTest@8bd1b6a]" name="hulkTest" duration-ms="28429" started-at="2017-03-20T15:18:42Z" data-provider="getcollectfareData" finished-at="2017-03-20T15:19:10Z">
          <params>
            <param index="0">
              <value>
                <![CDATA[One Way Trip]]>
              </value>
            </param>
            <param index="1">
              <value>
                <![CDATA[High Accuracy]]>
              </value>
            </param>
          </params>
          <reporter-output>
          </reporter-output>
        </test-method> <!-- hulkTest -->
      </class> <!-- com.driveu.zzdriveuautomation.AutomationTest -->
    </test> <!-- Default test -->
  </suite> <!-- Default suite -->
</testng-results>
